{
  "stats": {
    "suites": 3,
    "tests": 4,
    "passes": 3,
    "pending": 1,
    "failures": 0,
    "testsRegistered": 4,
    "passPercent": 75,
    "pendingPercent": 25,
    "other": 0,
    "hasOther": false,
    "skipped": 0,
    "hasSkipped": false,
    "start": "2023-06-15T17:49:50.587Z",
    "end": "2023-06-15T17:50:21.718Z",
    "duration": 31131
  },
  "results": [
    {
      "uuid": "5e01957e-dc7f-4e13-9469-f37d052a7170",
      "title": "",
      "fullFile": "cypress\\e2e\\order.cy.js",
      "file": "cypress\\e2e\\order.cy.js",
      "beforeHooks": [],
      "afterHooks": [],
      "tests": [
        {
          "title": "Order",
          "fullTitle": "Order",
          "timedOut": null,
          "duration": 10894,
          "state": "passed",
          "speed": "slow",
          "pass": true,
          "fail": false,
          "pending": false,
          "context": null,
          "code": "(0, _helper.login)(_user.default);\ncy.get('#filter_keyword').type('i').closest(\"form\").submit();\n//findNewProd('Gucci Guilty') //Benefit Bella Bamba\n(0, _helper.findProduct)('Benefit Bella Bamba'); //Benefit Bella Bamba\ncy.get('.productpagecart').click();\ncy.get('#cart_checkout1').click();\ncy.get('#checkout_btn').click();\ncy.get('.contentpanel').should('contain', \"Thank you for shopping with us!\");",
          "err": {},
          "uuid": "3ea38f1e-933b-4708-8962-7528e28f6a03",
          "parentUUID": "5e01957e-dc7f-4e13-9469-f37d052a7170",
          "isHook": false,
          "skipped": false
        }
      ],
      "suites": [],
      "passes": [
        "3ea38f1e-933b-4708-8962-7528e28f6a03"
      ],
      "failures": [],
      "pending": [],
      "skipped": [],
      "duration": 10894,
      "root": true,
      "rootEmpty": false,
      "_timeout": 2000
    },
    {
      "uuid": "3a14ca0d-79b0-4490-a057-3ca929c4bf18",
      "title": "",
      "fullFile": "cypress\\e2e\\registration.cy.js",
      "file": "cypress\\e2e\\registration.cy.js",
      "beforeHooks": [],
      "afterHooks": [],
      "tests": [
        {
          "title": "Registration",
          "fullTitle": "Registration",
          "timedOut": null,
          "duration": 8675,
          "state": "passed",
          "speed": "medium",
          "pass": true,
          "fail": false,
          "pending": false,
          "context": null,
          "code": "cy.visit('/');\ncy.get('.topnavbar [data-id=\"menu_account\"]').click();\ncy.get('#accountFrm button').click();\ncy.get('#AccountFrm_firstname').type(_user.default.firstName);\ncy.get('#AccountFrm_lastname').type(_user.default.lastName);\ncy.get('#AccountFrm_email').type(_user.default.email);\ncy.get('#AccountFrm_address_1').type(_user.default.address);\ncy.get('#AccountFrm_city').type(_user.default.city);\ncy.get('#AccountFrm_postcode').type(_user.default.postCode);\ncy.get('#AccountFrm_country_id').select(_user.default.countryId);\ncy.get('#AccountFrm_loginname').type(_user.default.username);\ncy.get('#AccountFrm_password').type(_user.default.password);\ncy.get('#AccountFrm_confirm').type(_user.default.password);\ncy.get('#AccountFrm_zone_id').select(_user.default.zone);\ncy.get('#AccountFrm_newsletter0').check();\ncy.get('#AccountFrm_agree').check();\ncy.get('button[title=\"Continue\"]').click();\ncy.get('#maincontainer').contains(_user.default.firstName).should('exist');\ncy.clearAllCookies();\n//login(user);\ncy.login(_user.default);",
          "err": {},
          "uuid": "ff6aa28c-3d27-4109-9581-0824ad3cd123",
          "parentUUID": "3a14ca0d-79b0-4490-a057-3ca929c4bf18",
          "isHook": false,
          "skipped": false
        },
        {
          "title": "Authorization",
          "fullTitle": "Authorization",
          "timedOut": null,
          "duration": 0,
          "state": "pending",
          "speed": null,
          "pass": false,
          "fail": false,
          "pending": true,
          "context": null,
          "code": "cy.log('Open website login page');\ncy.visit('/index.php?rt=account/login');\ncy.log('Check user is unauthorized');\ncy.getCookie('customer').should('be.null');\ncy.log('Authorize user');\ncy.get('#loginFrm_loginname').type(_user.default.username);\ncy.get('#loginFrm_password').type(_user.default.password);\ncy.get('button[type=\"submit\"]').contains('Login').click();",
          "err": {},
          "uuid": "51e66082-cbe3-4c65-be3c-da948cccc80f",
          "parentUUID": "3a14ca0d-79b0-4490-a057-3ca929c4bf18",
          "isHook": false,
          "skipped": false
        }
      ],
      "suites": [],
      "passes": [
        "ff6aa28c-3d27-4109-9581-0824ad3cd123"
      ],
      "failures": [],
      "pending": [
        "51e66082-cbe3-4c65-be3c-da948cccc80f"
      ],
      "skipped": [],
      "duration": 8675,
      "root": true,
      "rootEmpty": false,
      "_timeout": 2000
    },
    {
      "uuid": "fa7bff5f-6041-45fe-a7fb-3536e37c8f23",
      "title": "",
      "fullFile": "cypress\\e2e\\authorization.cy.js",
      "file": "cypress\\e2e\\authorization.cy.js",
      "beforeHooks": [],
      "afterHooks": [],
      "tests": [
        {
          "title": "Authorization",
          "fullTitle": "Authorization",
          "timedOut": null,
          "duration": 3462,
          "state": "passed",
          "speed": "fast",
          "pass": true,
          "fail": false,
          "pending": false,
          "context": null,
          "code": "_HomePage.default.visit();\n_HomePage.default.getLoginOrRegisterButton().click();\n_LoginPage.default.submitLoginForm(_user.default.username, _user.default.password);",
          "err": {},
          "uuid": "13677d55-7b1a-4638-927d-d63447396073",
          "parentUUID": "fa7bff5f-6041-45fe-a7fb-3536e37c8f23",
          "isHook": false,
          "skipped": false
        }
      ],
      "suites": [],
      "passes": [
        "13677d55-7b1a-4638-927d-d63447396073"
      ],
      "failures": [],
      "pending": [],
      "skipped": [],
      "duration": 3462,
      "root": true,
      "rootEmpty": false,
      "_timeout": 2000
    }
  ],
  "meta": {
    "mocha": {
      "version": "7.0.1"
    },
    "mochawesome": {
      "options": {
        "quiet": false,
        "reportFilename": "mochawesome",
        "saveHtml": false,
        "saveJson": true,
        "consoleReporter": "spec",
        "useInlineDiffs": false,
        "code": true
      },
      "version": "7.1.3"
    },
    "marge": {
      "options": {
        "reportDir": "cypress/results",
        "overwrite": false,
        "html": false,
        "json": true
      },
      "version": "6.2.0"
    }
  }
}