{
  "stats": {
    "suites": 0,
    "tests": 1,
    "passes": 1,
    "pending": 0,
    "failures": 0,
    "start": "2023-06-15T17:49:50.587Z",
    "end": "2023-06-15T17:49:54.089Z",
    "duration": 3502,
    "testsRegistered": 1,
    "passPercent": 100,
    "pendingPercent": 0,
    "other": 0,
    "hasOther": false,
    "skipped": 0,
    "hasSkipped": false
  },
  "results": [
    {
      "uuid": "fa7bff5f-6041-45fe-a7fb-3536e37c8f23",
      "title": "",
      "fullFile": "cypress\\e2e\\authorization.cy.js",
      "file": "cypress\\e2e\\authorization.cy.js",
      "beforeHooks": [],
      "afterHooks": [],
      "tests": [
        {
          "title": "Authorization",
          "fullTitle": "Authorization",
          "timedOut": null,
          "duration": 3462,
          "state": "passed",
          "speed": "fast",
          "pass": true,
          "fail": false,
          "pending": false,
          "context": null,
          "code": "_HomePage.default.visit();\n_HomePage.default.getLoginOrRegisterButton().click();\n_LoginPage.default.submitLoginForm(_user.default.username, _user.default.password);",
          "err": {},
          "uuid": "13677d55-7b1a-4638-927d-d63447396073",
          "parentUUID": "fa7bff5f-6041-45fe-a7fb-3536e37c8f23",
          "isHook": false,
          "skipped": false
        }
      ],
      "suites": [],
      "passes": [
        "13677d55-7b1a-4638-927d-d63447396073"
      ],
      "failures": [],
      "pending": [],
      "skipped": [],
      "duration": 3462,
      "root": true,
      "rootEmpty": false,
      "_timeout": 2000
    }
  ],
  "meta": {
    "mocha": {
      "version": "7.0.1"
    },
    "mochawesome": {
      "options": {
        "quiet": false,
        "reportFilename": "mochawesome",
        "saveHtml": false,
        "saveJson": true,
        "consoleReporter": "spec",
        "useInlineDiffs": false,
        "code": true
      },
      "version": "7.1.3"
    },
    "marge": {
      "options": {
        "reportDir": "cypress/results",
        "overwrite": false,
        "html": false,
        "json": true
      },
      "version": "6.2.0"
    }
  }
}